Database Table created
Database Table Filled 
Current Data Table
Current Data Table
Select * from Vehicles WHERE (make = Chevy OR  make =  Toyota)
Current Data Table
Select * from Vehicles WHERE (weight > 2500 pounds)
Database Table created
Database Table Filled 
Current Data Table
Current Data Table
Select * from Vehicles WHERE (make = Chevy OR  make =  Toyota)
Current Data Table
Select * from Vehicles WHERE (weight > 2500 pounds)
Database Table created
Database Table Filled 
Current Data Table
Current Data Table
Select * from Vehicles WHERE (make = Chevy OR  make =  Toyota)
Current Data Table
Select * from Vehicles WHERE (weight > 2500 pounds)
Database Table created
Database Table Filled 
Current Data Table
Current Data Table
Select * from Vehicles WHERE (make = Chevy OR  make =  Toyota)
Current Data Table
Select * from Vehicles WHERE (weight > 2500 pounds)
Database Table created
Database Table Filled 
Current Data Table
Current Data Table
Select * from Vehicles WHERE (make = Chevy OR  make =  Toyota)
Current Data Table
Select * from Vehicles WHERE (weight > 2500 pounds)
